6.0638 	WARNING 	User requested fullscreen with size [1680 1050], but screen is actually [1920, 1080]. Using actual size
6.9485 	EXP 	Created window1 = Window(allowGUI=False, allowStencil=False, autoLog=True, backendConf=UNKNOWN, bitsMode=UNKNOWN, blendMode='avg', bpc=(8, 8, 8), color=array([-1, -1, -1]), colorSpace='rgb', depthBits=8, fullscr=<method-wrapper '__getattribute__' of attributeSetter object at 0x7f839c0d4730>, gamma=None, gammaErrorPolicy='raise', lms=UNKNOWN, monitor=<psychopy.monitors.calibTools.Monitor object at 0x7f839d555400>, multiSample=False, name='window1', numSamples=2, pos=[480.0, 270.0], screen=0, size=array([3840, 2160]), stencilBits=0, stereo=False, units='height', useFBO=True, useRetina=True, viewOri=0.0, viewPos=None, viewScale=None, waitBlanking=True, winType='pyglet')
6.9487 	EXP 	window1: mouseVisible = True
6.9487 	EXP 	window1: Attempting to measure frame rate of screen (0) ...
6.9487 	EXP 	window1: recordFrameIntervals = False
7.1150 	EXP 	window1: recordFrameIntervals = True
7.8173 	EXP 	Screen (0) actual frame rate measured at 59.18Hz
7.8174 	EXP 	window1: recordFrameIntervals = False
10.3592 	EXP 	Created consent_form_text = TextStim(__class__=<class 'psychopy.visual.text.TextStim'>, alignHoriz=method-wrapper(...), alignText='center', alignVert=method-wrapper(...), anchorHoriz='center', anchorVert='center', antialias=True, autoLog=True, bold=False, color=array([1., 1., 1.]), colorSpace='rgb', contrast=1.0, depth=0.0, flipHoriz=False, flipVert=False, font='Arial', fontFiles=[], height=0.02, italic=False, languageStyle='LTR', name='consent_form_text', opacity=1, ori=0.0, pos=array([0.  , 0.05]), rgb=UNKNOWN, text=str(...), units='height', win=Window(...), wrapWidth=1)
10.3822 	EXP 	Created valence_instructions_text = TextStim(__class__=<class 'psychopy.visual.text.TextStim'>, alignHoriz=method-wrapper(...), alignText='center', alignVert=method-wrapper(...), anchorHoriz='center', anchorVert='center', antialias=True, autoLog=True, bold=False, color=array([1., 1., 1.]), colorSpace='rgb', contrast=1.0, depth=0.0, flipHoriz=False, flipVert=False, font='Arial', fontFiles=[], height=0.02, italic=False, languageStyle='LTR', name='valence_instructions_text', opacity=1, ori=0.0, pos=array([0.  , 0.05]), rgb=UNKNOWN, text=str(...), units='height', win=Window(...), wrapWidth=1)
10.4053 	EXP 	Created Valence_Fixation_Message = TextStim(__class__=<class 'psychopy.visual.text.TextStim'>, alignHoriz=method-wrapper(...), alignText='center', alignVert=method-wrapper(...), anchorHoriz='center', anchorVert='center', antialias=True, autoLog=True, bold=False, color=array([1., 1., 1.]), colorSpace='rgb', contrast=1.0, depth=0.0, flipHoriz=False, flipVert=False, font='Open Sans', fontFiles=[], height=0.05, italic=False, languageStyle='LTR', name='Valence_Fixation_Message', opacity=1, ori=0.0, pos=array([0., 0.]), rgb=UNKNOWN, text=str(...), units='height', win=Window(...), wrapWidth=1)
10.5690 	EXP 	Sound track set volume 1.000
10.5789 	EXP 	Created Arousal_Fixation_Message = TextStim(__class__=<class 'psychopy.visual.text.TextStim'>, alignHoriz=method-wrapper(...), alignText='center', alignVert=method-wrapper(...), anchorHoriz='center', anchorVert='center', antialias=True, autoLog=True, bold=False, color=array([1., 1., 1.]), colorSpace='rgb', contrast=1.0, depth=0.0, flipHoriz=False, flipVert=False, font='Open Sans', fontFiles=[], height=0.05, italic=False, languageStyle='LTR', name='Arousal_Fixation_Message', opacity=1, ori=0.0, pos=array([0., 0.]), rgb=UNKNOWN, text=str(...), units='height', win=Window(...), wrapWidth=1)
10.5938 	EXP 	Sound track set volume 1.000
10.6224 	EXP 	Created debrief = TextStim(__class__=<class 'psychopy.visual.text.TextStim'>, alignHoriz=method-wrapper(...), alignText='center', alignVert=method-wrapper(...), anchorHoriz='center', anchorVert='center', antialias=True, autoLog=True, bold=False, color=array([1., 1., 1.]), colorSpace='rgb', contrast=1.0, depth=0.0, flipHoriz=False, flipVert=False, font='Open Sans', fontFiles=[], height=0.03, italic=False, languageStyle='LTR', name='debrief', opacity=1, ori=0.0, pos=array([0., 0.]), rgb=UNKNOWN, text=str(...), units='height', win=Window(...), wrapWidth=1)
10.6256 	EXP 	Created text = TextStim(__class__=<class 'psychopy.visual.text.TextStim'>, alignHoriz=method-wrapper(...), alignText='center', alignVert=method-wrapper(...), anchorHoriz='center', anchorVert='center', antialias=True, autoLog=True, bold=False, color=array([1., 1., 1.]), colorSpace='rgb', contrast=1.0, depth=0.0, flipHoriz=False, flipVert=False, font='Open Sans', fontFiles=[], height=0.03, italic=False, languageStyle='LTR', name='text', opacity=1, ori=0.0, pos=array([0., 0.]), rgb=UNKNOWN, text='Thank you for your time. \n\n', units='height', win=Window(...), wrapWidth=1)
10.6431 	EXP 	consent_form_text: autoDraw = True
11.7283 	EXP 	Created sequence: random, trialTypes=1, nReps=1, seed=None
11.7285 	EXP 	New trial (rep=0, index=0): None
11.7340 	DATA 	Keypress: y
11.7440 	EXP 	consent_form_text: autoDraw = False
11.7440 	EXP 	valence_instructions_text: autoDraw = True
12.2539 	EXP 	Imported fixed_sample.xlsx as conditions, 4 conditions, 16 params
12.2544 	EXP 	Created sequence: random, trialTypes=4, nReps=1, seed=None
12.2548 	EXP 	New trial (rep=0, index=0): {'Unnamed': 473, 'FileName': 'PinkFloyd_AnotherBrickInTheWall_1980', 'ARTIST': 'Pink Floyd', 'TITLE': 'Another Brick In The Wall (Part II)', 'ChartDate': '7/5/80', 'PeakPosition': 1, 'WeeksOnChart': 25, 'TargetRank': 93, 'ActualRank': 94, 'SampleID': 1052, 'YoutubeLink': 'https://www.youtube.com/watch?v=xBQsQoGodPY', 'OriginalAudio': True, 'Year': 1980, 'SongGroup': 0, 'HumName': 'PinkFloyd_AnotherBrickInTheWall_1980.hum', 'WavFileName': 'wavs/PinkFloyd_AnotherBrickInTheWall_1980.wav'}
12.2607 	DATA 	Keypress: y
12.2700 	EXP 	valence_instructions_text: autoDraw = False
12.2700 	EXP 	Valence_Fixation_Message: autoDraw = True
13.5795 	EXP 	Sound track started
13.5764 	DATA 	Keypress: y
13.5872 	EXP 	Valence_Fixation_Message: autoDraw = False
66.7529 	DATA 	Keypress: escape
67.8238 	EXP 	window1: mouseVisible = True
