7.6686 	WARNING 	User requested fullscreen with size [1680 1050], but screen is actually [1920, 1080]. Using actual size
8.5246 	EXP 	Created window1 = Window(allowGUI=False, allowStencil=False, autoLog=True, backendConf=UNKNOWN, bitsMode=UNKNOWN, blendMode='avg', bpc=(8, 8, 8), color=array([-1, -1, -1]), colorSpace='rgb', depthBits=8, fullscr=<method-wrapper '__getattribute__' of attributeSetter object at 0x7fa7448928e0>, gamma=None, gammaErrorPolicy='raise', lms=UNKNOWN, monitor=<psychopy.monitors.calibTools.Monitor object at 0x7fa744f516a0>, multiSample=False, name='window1', numSamples=2, pos=[480.0, 270.0], screen=0, size=array([3840, 2160]), stencilBits=0, stereo=False, units='height', useFBO=True, useRetina=True, viewOri=0.0, viewPos=None, viewScale=None, waitBlanking=True, winType='pyglet')
8.5251 	EXP 	window1: mouseVisible = True
8.5252 	EXP 	window1: Attempting to measure frame rate of screen (0) ...
8.5253 	EXP 	window1: recordFrameIntervals = False
8.6901 	EXP 	window1: recordFrameIntervals = True
8.7461 	WARNING 	t of last frame was 23.01ms (=1/43)
8.9235 	EXP 	Screen (0) actual frame rate measured at 60.26Hz
8.9236 	EXP 	window1: recordFrameIntervals = False
11.0327 	EXP 	Created consent_form_text = TextStim(__class__=<class 'psychopy.visual.text.TextStim'>, alignHoriz=method-wrapper(...), alignText='center', alignVert=method-wrapper(...), anchorHoriz='center', anchorVert='center', antialias=True, autoLog=True, bold=False, color=array([1., 1., 1.]), colorSpace='rgb', contrast=1.0, depth=0.0, flipHoriz=False, flipVert=False, font='Arial', fontFiles=[], height=0.02, italic=False, languageStyle='LTR', name='consent_form_text', opacity=1, ori=0.0, pos=array([0.  , 0.05]), rgb=UNKNOWN, text=str(...), units='height', win=Window(...), wrapWidth=1)
11.0557 	EXP 	Created valence_instructions_text = TextStim(__class__=<class 'psychopy.visual.text.TextStim'>, alignHoriz=method-wrapper(...), alignText='center', alignVert=method-wrapper(...), anchorHoriz='center', anchorVert='center', antialias=True, autoLog=True, bold=False, color=array([1., 1., 1.]), colorSpace='rgb', contrast=1.0, depth=0.0, flipHoriz=False, flipVert=False, font='Arial', fontFiles=[], height=0.02, italic=False, languageStyle='LTR', name='valence_instructions_text', opacity=1, ori=0.0, pos=array([0.  , 0.05]), rgb=UNKNOWN, text=str(...), units='height', win=Window(...), wrapWidth=1)
11.0785 	EXP 	Created Valence_Fixation_Message = TextStim(__class__=<class 'psychopy.visual.text.TextStim'>, alignHoriz=method-wrapper(...), alignText='center', alignVert=method-wrapper(...), anchorHoriz='center', anchorVert='center', antialias=True, autoLog=True, bold=False, color=array([1., 1., 1.]), colorSpace='rgb', contrast=1.0, depth=0.0, flipHoriz=False, flipVert=False, font='Open Sans', fontFiles=[], height=0.05, italic=False, languageStyle='LTR', name='Valence_Fixation_Message', opacity=1, ori=0.0, pos=array([0., 0.]), rgb=UNKNOWN, text=str(...), units='height', win=Window(...), wrapWidth=1)
11.2336 	EXP 	Sound track set volume 1.000
11.2438 	EXP 	Created Arousal_Fixation_Message = TextStim(__class__=<class 'psychopy.visual.text.TextStim'>, alignHoriz=method-wrapper(...), alignText='center', alignVert=method-wrapper(...), anchorHoriz='center', anchorVert='center', antialias=True, autoLog=True, bold=False, color=array([1., 1., 1.]), colorSpace='rgb', contrast=1.0, depth=0.0, flipHoriz=False, flipVert=False, font='Open Sans', fontFiles=[], height=0.05, italic=False, languageStyle='LTR', name='Arousal_Fixation_Message', opacity=1, ori=0.0, pos=array([0., 0.]), rgb=UNKNOWN, text=str(...), units='height', win=Window(...), wrapWidth=1)
11.2582 	EXP 	Sound track set volume 1.000
11.2873 	EXP 	Created debrief = TextStim(__class__=<class 'psychopy.visual.text.TextStim'>, alignHoriz=method-wrapper(...), alignText='center', alignVert=method-wrapper(...), anchorHoriz='center', anchorVert='center', antialias=True, autoLog=True, bold=False, color=array([1., 1., 1.]), colorSpace='rgb', contrast=1.0, depth=0.0, flipHoriz=False, flipVert=False, font='Open Sans', fontFiles=[], height=0.03, italic=False, languageStyle='LTR', name='debrief', opacity=1, ori=0.0, pos=array([0., 0.]), rgb=UNKNOWN, text=str(...), units='height', win=Window(...), wrapWidth=1)
11.2906 	EXP 	Created text = TextStim(__class__=<class 'psychopy.visual.text.TextStim'>, alignHoriz=method-wrapper(...), alignText='center', alignVert=method-wrapper(...), anchorHoriz='center', anchorVert='center', antialias=True, autoLog=True, bold=False, color=array([1., 1., 1.]), colorSpace='rgb', contrast=1.0, depth=0.0, flipHoriz=False, flipVert=False, font='Open Sans', fontFiles=[], height=0.03, italic=False, languageStyle='LTR', name='text', opacity=1, ori=0.0, pos=array([0., 0.]), rgb=UNKNOWN, text='Thank you for your time. \n\n', units='height', win=Window(...), wrapWidth=1)
11.3065 	EXP 	consent_form_text: autoDraw = True
12.3823 	EXP 	Created sequence: random, trialTypes=1, nReps=1, seed=None
12.3827 	EXP 	New trial (rep=0, index=0): None
12.3884 	DATA 	Keypress: y
12.3980 	EXP 	consent_form_text: autoDraw = False
12.3980 	EXP 	valence_instructions_text: autoDraw = True
13.0096 	DATA 	Keypress: y
13.0962 	EXP 	Imported fixed_sample.xlsx as conditions, 4 conditions, 16 params
13.0966 	EXP 	Created sequence: sequential, trialTypes=4, nReps=1, seed=None
13.0972 	EXP 	New trial (rep=0, index=0): {'Unnamed': 692, 'FileName': 'TheTurtles_HappyTogether_1967', 'ARTIST': 'The Turtles', 'TITLE': 'Happy Together', 'ChartDate': '4/22/67', 'PeakPosition': 1, 'WeeksOnChart': 15, 'TargetRank': 2, 'ActualRank': 2, 'SampleID': 1290, 'YoutubeLink': 'https://www.youtube.com/watch?v=mRCe5L1imxg', 'OriginalAudio': True, 'Year': 1967, 'SongGroup': 0, 'HumName': 'TheTurtles_HappyTogether_1967.hum', 'WavFileName': 'wavs/TheTurtles_HappyTogether_1967.wav'}
13.1116 	EXP 	valence_instructions_text: autoDraw = False
13.1116 	EXP 	Valence_Fixation_Message: autoDraw = True
13.5071 	DATA 	Keypress: y
13.7543 	EXP 	Sound track started
13.7556 	EXP 	Valence_Fixation_Message: autoDraw = False
28.7528 	DATA 	Mouse: Left button down, pos=(1439,551)
28.8199 	DATA 	Mouse:  Left button up, pos=(1439,551)
29.3527 	DATA 	Keypress: escape
29.9746 	EXP 	window1: mouseVisible = True
