6.8668 	WARNING 	User requested fullscreen with size [1680 1050], but screen is actually [1920, 1080]. Using actual size
7.8982 	EXP 	Created window1 = Window(allowGUI=False, allowStencil=False, autoLog=True, backendConf=UNKNOWN, bitsMode=UNKNOWN, blendMode='avg', bpc=(8, 8, 8), color=array([-1, -1, -1]), colorSpace='rgb', depthBits=8, fullscr=<method-wrapper '__getattribute__' of attributeSetter object at 0x7fc0bdb810d0>, gamma=None, gammaErrorPolicy='raise', lms=UNKNOWN, monitor=<psychopy.monitors.calibTools.Monitor object at 0x7fc0bd818400>, multiSample=False, name='window1', numSamples=2, pos=[480.0, 270.0], screen=0, size=array([3840, 2160]), stencilBits=0, stereo=False, units='height', useFBO=True, useRetina=True, viewOri=0.0, viewPos=None, viewScale=None, waitBlanking=True, winType='pyglet')
7.8987 	EXP 	window1: mouseVisible = True
7.8988 	EXP 	window1: Attempting to measure frame rate of screen (0) ...
7.8988 	EXP 	window1: recordFrameIntervals = False
8.0636 	EXP 	window1: recordFrameIntervals = True
8.2528 	WARNING 	t of last frame was 22.37ms (=1/44)
8.4305 	EXP 	Screen (0) actual frame rate measured at 60.77Hz
8.4306 	EXP 	window1: recordFrameIntervals = False
10.5562 	EXP 	Created consent_form_text = TextStim(__class__=<class 'psychopy.visual.text.TextStim'>, alignHoriz=method-wrapper(...), alignText='center', alignVert=method-wrapper(...), anchorHoriz='center', anchorVert='center', antialias=True, autoLog=True, bold=False, color=array([1., 1., 1.]), colorSpace='rgb', contrast=1.0, depth=0.0, flipHoriz=False, flipVert=False, font='Arial', fontFiles=[], height=0.02, italic=False, languageStyle='LTR', name='consent_form_text', opacity=1, ori=0.0, pos=array([0.  , 0.05]), rgb=UNKNOWN, text=str(...), units='height', win=Window(...), wrapWidth=1)
10.5796 	EXP 	Created instructions_text = TextStim(__class__=<class 'psychopy.visual.text.TextStim'>, alignHoriz=method-wrapper(...), alignText='center', alignVert=method-wrapper(...), anchorHoriz='center', anchorVert='center', antialias=True, autoLog=True, bold=False, color=array([1., 1., 1.]), colorSpace='rgb', contrast=1.0, depth=0.0, flipHoriz=False, flipVert=False, font='Arial', fontFiles=[], height=0.02, italic=False, languageStyle='LTR', name='instructions_text', opacity=1, ori=0.0, pos=array([0.  , 0.05]), rgb=UNKNOWN, text=str(...), units='height', win=Window(...), wrapWidth=1)
10.5912 	EXP 	Created fixation_message = TextStim(__class__=<class 'psychopy.visual.text.TextStim'>, alignHoriz=method-wrapper(...), alignText='center', alignVert=method-wrapper(...), anchorHoriz='center', anchorVert='center', antialias=True, autoLog=True, bold=False, color=array([1., 1., 1.]), colorSpace='rgb', contrast=1.0, depth=0.0, flipHoriz=False, flipVert=False, font='Open Sans', fontFiles=[], height=0.05, italic=False, languageStyle='LTR', name='fixation_message', opacity=1, ori=0.0, pos=array([0. , 0.1]), rgb=UNKNOWN, text='Get ready for the clip! ', units='height', win=Window(...), wrapWidth=1)
10.6971 	EXP 	Sound track set volume 1.000
10.7004 	EXP 	Created fixation_message = TextStim(__class__=<class 'psychopy.visual.text.TextStim'>, alignHoriz=method-wrapper(...), alignText='center', alignVert=method-wrapper(...), anchorHoriz='center', anchorVert='center', antialias=True, autoLog=True, bold=False, color=array([1., 1., 1.]), colorSpace='rgb', contrast=1.0, depth=0.0, flipHoriz=False, flipVert=False, font='Open Sans', fontFiles=[], height=0.05, italic=False, languageStyle='LTR', name='fixation_message', opacity=1, ori=0.0, pos=array([0. , 0.1]), rgb=UNKNOWN, text='Get ready for the clip! ', units='height', win=Window(...), wrapWidth=1)
10.7152 	EXP 	Sound track set volume 1.000
10.7446 	EXP 	Created debrief = TextStim(__class__=<class 'psychopy.visual.text.TextStim'>, alignHoriz=method-wrapper(...), alignText='center', alignVert=method-wrapper(...), anchorHoriz='center', anchorVert='center', antialias=True, autoLog=True, bold=False, color=array([1., 1., 1.]), colorSpace='rgb', contrast=1.0, depth=0.0, flipHoriz=False, flipVert=False, font='Open Sans', fontFiles=[], height=0.03, italic=False, languageStyle='LTR', name='debrief', opacity=1, ori=0.0, pos=array([0., 0.]), rgb=UNKNOWN, text=str(...), units='height', win=Window(...), wrapWidth=1)
10.7479 	EXP 	Created text = TextStim(__class__=<class 'psychopy.visual.text.TextStim'>, alignHoriz=method-wrapper(...), alignText='center', alignVert=method-wrapper(...), anchorHoriz='center', anchorVert='center', antialias=True, autoLog=True, bold=False, color=array([1., 1., 1.]), colorSpace='rgb', contrast=1.0, depth=0.0, flipHoriz=False, flipVert=False, font='Open Sans', fontFiles=[], height=0.03, italic=False, languageStyle='LTR', name='text', opacity=1, ori=0.0, pos=array([0., 0.]), rgb=UNKNOWN, text='Thank you for your time. \n\n', units='height', win=Window(...), wrapWidth=1)
10.7654 	EXP 	consent_form_text: autoDraw = True
12.1080 	EXP 	Created sequence: random, trialTypes=1, nReps=1, seed=None
12.1082 	EXP 	New trial (rep=0, index=0): None
12.1134 	DATA 	Keypress: y
12.1230 	EXP 	consent_form_text: autoDraw = False
12.1230 	EXP 	instructions_text: autoDraw = True
12.7998 	EXP 	Imported fixed_sample.xlsx as conditions, 4 conditions, 16 params
12.8003 	EXP 	Created sequence: random, trialTypes=4, nReps=1, seed=None
12.8007 	EXP 	New trial (rep=0, index=0): {'Unnamed': 473, 'FileName': 'PinkFloyd_AnotherBrickInTheWall_1980', 'ARTIST': 'Pink Floyd', 'TITLE': 'Another Brick In The Wall (Part II)', 'ChartDate': '7/5/80', 'PeakPosition': 1, 'WeeksOnChart': 25, 'TargetRank': 93, 'ActualRank': 94, 'SampleID': 1052, 'YoutubeLink': 'https://www.youtube.com/watch?v=xBQsQoGodPY', 'OriginalAudio': True, 'Year': 1980, 'SongGroup': 0, 'HumName': 'PinkFloyd_AnotherBrickInTheWall_1980.hum', 'WavFileName': 'wavs/PinkFloyd_AnotherBrickInTheWall_1980.wav'}
12.8071 	DATA 	Keypress: y
12.8167 	EXP 	instructions_text: autoDraw = False
12.8167 	EXP 	fixation_message: autoDraw = True
13.5899 	EXP 	Sound track started
13.5916 	DATA 	Keypress: y
13.6005 	EXP 	fixation_message: autoDraw = False
19.4276 	DATA 	Keypress: y
20.0612 	DATA 	Keypress: s
20.1441 	DATA 	Keypress: d
20.1945 	DATA 	Keypress: f
235.0461 	EXP 	Sound track reached end of file
235.0470 	EXP 	New trial (rep=0, index=1): {'Unnamed': 692, 'FileName': 'TheTurtles_HappyTogether_1967', 'ARTIST': 'The Turtles', 'TITLE': 'Happy Together', 'ChartDate': '4/22/67', 'PeakPosition': 1, 'WeeksOnChart': 15, 'TargetRank': 2, 'ActualRank': 2, 'SampleID': 1290, 'YoutubeLink': 'https://www.youtube.com/watch?v=mRCe5L1imxg', 'OriginalAudio': True, 'Year': 1967, 'SongGroup': 0, 'HumName': 'TheTurtles_HappyTogether_1967.hum', 'WavFileName': 'wavs/TheTurtles_HappyTogether_1967.wav'}
235.0626 	EXP 	fixation_message: autoDraw = True
244.1424 	EXP 	Sound track started
244.1353 	DATA 	Keypress: y
244.1440 	EXP 	fixation_message: autoDraw = False
301.6011 	DATA 	Mouse: Left button down, pos=(1297,526)
301.6505 	DATA 	Mouse:  Left button up, pos=(1297,526)
301.9510 	DATA 	Keypress: escape
302.8208 	EXP 	window1: mouseVisible = True
