8.2286 	WARNING 	User requested fullscreen with size [1680 1050], but screen is actually [1920, 1080]. Using actual size
9.2793 	EXP 	Created window1 = Window(allowGUI=False, allowStencil=False, autoLog=True, backendConf=UNKNOWN, bitsMode=UNKNOWN, blendMode='avg', bpc=(8, 8, 8), color=array([-1, -1, -1]), colorSpace='rgb', depthBits=8, fullscr=<method-wrapper '__getattribute__' of attributeSetter object at 0x7f9f1a9dd070>, gamma=None, gammaErrorPolicy='raise', lms=UNKNOWN, monitor=<psychopy.monitors.calibTools.Monitor object at 0x7f9f19d18220>, multiSample=False, name='window1', numSamples=2, pos=[480.0, 270.0], screen=0, size=array([3840, 2160]), stencilBits=0, stereo=False, units='height', useFBO=True, useRetina=True, viewOri=0.0, viewPos=None, viewScale=None, waitBlanking=True, winType='pyglet')
9.2798 	EXP 	window1: mouseVisible = True
9.2799 	EXP 	window1: Attempting to measure frame rate of screen (0) ...
9.2799 	EXP 	window1: recordFrameIntervals = False
9.4460 	EXP 	window1: recordFrameIntervals = True
9.6290 	EXP 	Screen (0) actual frame rate measured at 60.03Hz
9.6291 	EXP 	window1: recordFrameIntervals = False
12.1962 	EXP 	Created consent_form_text = TextStim(__class__=<class 'psychopy.visual.text.TextStim'>, alignHoriz=method-wrapper(...), alignText='center', alignVert=method-wrapper(...), anchorHoriz='center', anchorVert='center', antialias=True, autoLog=True, bold=False, color=array([1., 1., 1.]), colorSpace='rgb', contrast=1.0, depth=0.0, flipHoriz=False, flipVert=False, font='Arial', fontFiles=[], height=0.02, italic=False, languageStyle='LTR', name='consent_form_text', opacity=1, ori=0.0, pos=array([0.  , 0.05]), rgb=UNKNOWN, text=str(...), units='height', win=Window(...), wrapWidth=1)
12.2192 	EXP 	Created valence_instructions_text = TextStim(__class__=<class 'psychopy.visual.text.TextStim'>, alignHoriz=method-wrapper(...), alignText='center', alignVert=method-wrapper(...), anchorHoriz='center', anchorVert='center', antialias=True, autoLog=True, bold=False, color=array([1., 1., 1.]), colorSpace='rgb', contrast=1.0, depth=0.0, flipHoriz=False, flipVert=False, font='Arial', fontFiles=[], height=0.02, italic=False, languageStyle='LTR', name='valence_instructions_text', opacity=1, ori=0.0, pos=array([0.  , 0.05]), rgb=UNKNOWN, text=str(...), units='height', win=Window(...), wrapWidth=1)
12.2423 	EXP 	Created Valence_Fixation_Message = TextStim(__class__=<class 'psychopy.visual.text.TextStim'>, alignHoriz=method-wrapper(...), alignText='center', alignVert=method-wrapper(...), anchorHoriz='center', anchorVert='center', antialias=True, autoLog=True, bold=False, color=array([1., 1., 1.]), colorSpace='rgb', contrast=1.0, depth=0.0, flipHoriz=False, flipVert=False, font='Open Sans', fontFiles=[], height=0.05, italic=False, languageStyle='LTR', name='Valence_Fixation_Message', opacity=1, ori=0.0, pos=array([0., 0.]), rgb=UNKNOWN, text=str(...), units='height', win=Window(...), wrapWidth=1)
12.4079 	EXP 	Sound track set volume 1.000
12.4189 	EXP 	Created Arousal_Fixation_Message = TextStim(__class__=<class 'psychopy.visual.text.TextStim'>, alignHoriz=method-wrapper(...), alignText='center', alignVert=method-wrapper(...), anchorHoriz='center', anchorVert='center', antialias=True, autoLog=True, bold=False, color=array([1., 1., 1.]), colorSpace='rgb', contrast=1.0, depth=0.0, flipHoriz=False, flipVert=False, font='Open Sans', fontFiles=[], height=0.05, italic=False, languageStyle='LTR', name='Arousal_Fixation_Message', opacity=1, ori=0.0, pos=array([0., 0.]), rgb=UNKNOWN, text=str(...), units='height', win=Window(...), wrapWidth=1)
12.4339 	EXP 	Sound track set volume 1.000
12.4636 	EXP 	Created debrief = TextStim(__class__=<class 'psychopy.visual.text.TextStim'>, alignHoriz=method-wrapper(...), alignText='center', alignVert=method-wrapper(...), anchorHoriz='center', anchorVert='center', antialias=True, autoLog=True, bold=False, color=array([1., 1., 1.]), colorSpace='rgb', contrast=1.0, depth=0.0, flipHoriz=False, flipVert=False, font='Open Sans', fontFiles=[], height=0.03, italic=False, languageStyle='LTR', name='debrief', opacity=1, ori=0.0, pos=array([0., 0.]), rgb=UNKNOWN, text=str(...), units='height', win=Window(...), wrapWidth=1)
12.4669 	EXP 	Created text = TextStim(__class__=<class 'psychopy.visual.text.TextStim'>, alignHoriz=method-wrapper(...), alignText='center', alignVert=method-wrapper(...), anchorHoriz='center', anchorVert='center', antialias=True, autoLog=True, bold=False, color=array([1., 1., 1.]), colorSpace='rgb', contrast=1.0, depth=0.0, flipHoriz=False, flipVert=False, font='Open Sans', fontFiles=[], height=0.03, italic=False, languageStyle='LTR', name='text', opacity=1, ori=0.0, pos=array([0., 0.]), rgb=UNKNOWN, text='Thank you for your time. \n\n', units='height', win=Window(...), wrapWidth=1)
12.4867 	EXP 	consent_form_text: autoDraw = True
12.8837 	EXP 	Created sequence: random, trialTypes=1, nReps=1, seed=None
12.8842 	EXP 	New trial (rep=0, index=0): None
12.8905 	DATA 	Keypress: y
12.8997 	EXP 	consent_form_text: autoDraw = False
12.8997 	EXP 	valence_instructions_text: autoDraw = True
13.4982 	DATA 	Keypress: y
13.5845 	EXP 	Imported fixed_sample.xlsx as conditions, 4 conditions, 16 params
13.5850 	EXP 	Created sequence: random, trialTypes=4, nReps=1, seed=None
13.5854 	EXP 	New trial (rep=0, index=0): {'Unnamed': 692, 'FileName': 'TheTurtles_HappyTogether_1967', 'ARTIST': 'The Turtles', 'TITLE': 'Happy Together', 'ChartDate': '4/22/67', 'PeakPosition': 1, 'WeeksOnChart': 15, 'TargetRank': 2, 'ActualRank': 2, 'SampleID': 1290, 'YoutubeLink': 'https://www.youtube.com/watch?v=mRCe5L1imxg', 'OriginalAudio': True, 'Year': 1967, 'SongGroup': 0, 'HumName': 'TheTurtles_HappyTogether_1967.hum', 'WavFileName': 'wavs/TheTurtles_HappyTogether_1967.wav'}
13.6003 	EXP 	valence_instructions_text: autoDraw = False
13.6003 	EXP 	Valence_Fixation_Message: autoDraw = True
14.6088 	EXP 	Valence_Fixation_Message: autoDraw = False
17.6573 	EXP 	Sound track started
17.6451 	DATA 	Keypress: y
17.6557 	EXP 	Valence_Fixation_Message: autoDraw = False
22.8770 	DATA 	Keypress: escape
23.5137 	EXP 	window1: mouseVisible = True
