5.7760 	WARNING 	User requested fullscreen with size [1680 1050], but screen is actually [1440, 900]. Using actual size
6.5633 	EXP 	Created window1 = Window(allowGUI=False, allowStencil=False, autoLog=True, backendConf=UNKNOWN, bitsMode=UNKNOWN, blendMode='avg', bpc=(8, 8, 8), color=array([-1, -1, -1]), colorSpace='rgb', depthBits=8, fullscr=<method-wrapper '__getattribute__' of attributeSetter object at 0x7f8039f7f0a0>, gamma=None, gammaErrorPolicy='raise', lms=UNKNOWN, monitor=<psychopy.monitors.calibTools.Monitor object at 0x7f803ce463d0>, multiSample=False, name='window1', numSamples=2, pos=[360.0, 225.0], screen=0, size=array([2880, 1800]), stencilBits=0, stereo=False, units='height', useFBO=True, useRetina=True, viewOri=0.0, viewPos=None, viewScale=None, waitBlanking=True, winType='pyglet')
6.5635 	EXP 	window1: mouseVisible = True
6.5636 	EXP 	window1: Attempting to measure frame rate of screen (0) ...
6.5636 	EXP 	window1: recordFrameIntervals = False
6.7295 	EXP 	window1: recordFrameIntervals = True
6.9153 	EXP 	Screen (0) actual frame rate measured at 59.44Hz
6.9153 	EXP 	window1: recordFrameIntervals = False
9.0260 	EXP 	Created consent_form_text = TextStim(__class__=<class 'psychopy.visual.text.TextStim'>, alignHoriz=method-wrapper(...), alignText='center', alignVert=method-wrapper(...), anchorHoriz='center', anchorVert='center', antialias=True, autoLog=True, bold=False, color=array([1., 1., 1.]), colorSpace='rgb', contrast=1.0, depth=0.0, flipHoriz=False, flipVert=False, font='Arial', fontFiles=[], height=0.02, italic=False, languageStyle='LTR', name='consent_form_text', opacity=1, ori=0.0, pos=array([0.  , 0.05]), rgb=UNKNOWN, text=str(...), units='height', win=Window(...), wrapWidth=1)
9.0512 	EXP 	Created valence_instructions_text = TextStim(__class__=<class 'psychopy.visual.text.TextStim'>, alignHoriz=method-wrapper(...), alignText='center', alignVert=method-wrapper(...), anchorHoriz='center', anchorVert='center', antialias=True, autoLog=True, bold=False, color=array([1., 1., 1.]), colorSpace='rgb', contrast=1.0, depth=0.0, flipHoriz=False, flipVert=False, font='Arial', fontFiles=[], height=0.02, italic=False, languageStyle='LTR', name='valence_instructions_text', opacity=1, ori=0.0, pos=array([0.  , 0.05]), rgb=UNKNOWN, text=str(...), units='height', win=Window(...), wrapWidth=1)
9.0736 	EXP 	Created Valence_Fixation_Message = TextStim(__class__=<class 'psychopy.visual.text.TextStim'>, alignHoriz=method-wrapper(...), alignText='center', alignVert=method-wrapper(...), anchorHoriz='center', anchorVert='center', antialias=True, autoLog=True, bold=False, color=array([1., 1., 1.]), colorSpace='rgb', contrast=1.0, depth=0.0, flipHoriz=False, flipVert=False, font='Open Sans', fontFiles=[], height=0.05, italic=False, languageStyle='LTR', name='Valence_Fixation_Message', opacity=1, ori=0.0, pos=array([0., 0.]), rgb=UNKNOWN, text=str(...), units='height', win=Window(...), wrapWidth=1)
9.2227 	EXP 	Sound track set volume 1.000
9.2457 	EXP 	Created annotations_instructions_text = TextStim(__class__=<class 'psychopy.visual.text.TextStim'>, alignHoriz=method-wrapper(...), alignText='center', alignVert=method-wrapper(...), anchorHoriz='center', anchorVert='center', antialias=True, autoLog=True, bold=False, color=array([1., 1., 1.]), colorSpace='rgb', contrast=1.0, depth=0.0, flipHoriz=False, flipVert=False, font='Arial', fontFiles=[], height=0.02, italic=False, languageStyle='LTR', name='annotations_instructions_text', opacity=1, ori=0.0, pos=array([0.  , 0.05]), rgb=UNKNOWN, text=str(...), units='height', win=Window(...), wrapWidth=1)
9.2553 	EXP 	Created Arousal_Fixation_Message = TextStim(__class__=<class 'psychopy.visual.text.TextStim'>, alignHoriz=method-wrapper(...), alignText='center', alignVert=method-wrapper(...), anchorHoriz='center', anchorVert='center', antialias=True, autoLog=True, bold=False, color=array([1., 1., 1.]), colorSpace='rgb', contrast=1.0, depth=0.0, flipHoriz=False, flipVert=False, font='Open Sans', fontFiles=[], height=0.05, italic=False, languageStyle='LTR', name='Arousal_Fixation_Message', opacity=1, ori=0.0, pos=array([0., 0.]), rgb=UNKNOWN, text=str(...), units='height', win=Window(...), wrapWidth=1)
9.2703 	EXP 	Sound track set volume 1.000
9.2908 	EXP 	Created valence_instructions_text = TextStim(__class__=<class 'psychopy.visual.text.TextStim'>, alignHoriz=method-wrapper(...), alignText='center', alignVert=method-wrapper(...), anchorHoriz='center', anchorVert='center', antialias=True, autoLog=True, bold=False, color=array([1., 1., 1.]), colorSpace='rgb', contrast=1.0, depth=0.0, flipHoriz=False, flipVert=False, font='Arial', fontFiles=[], height=0.02, italic=False, languageStyle='LTR', name='valence_instructions_text', opacity=1, ori=0.0, pos=array([0.  , 0.05]), rgb=UNKNOWN, text=str(...), units='height', win=Window(...), wrapWidth=1)
9.3000 	EXP 	Created Valence_Fixation_Message = TextStim(__class__=<class 'psychopy.visual.text.TextStim'>, alignHoriz=method-wrapper(...), alignText='center', alignVert=method-wrapper(...), anchorHoriz='center', anchorVert='center', antialias=True, autoLog=True, bold=False, color=array([1., 1., 1.]), colorSpace='rgb', contrast=1.0, depth=0.0, flipHoriz=False, flipVert=False, font='Open Sans', fontFiles=[], height=0.05, italic=False, languageStyle='LTR', name='Valence_Fixation_Message', opacity=1, ori=0.0, pos=array([0., 0.]), rgb=UNKNOWN, text=str(...), units='height', win=Window(...), wrapWidth=1)
9.3150 	EXP 	Sound track set volume 1.000
9.3451 	EXP 	Created debrief = TextStim(__class__=<class 'psychopy.visual.text.TextStim'>, alignHoriz=method-wrapper(...), alignText='center', alignVert=method-wrapper(...), anchorHoriz='center', anchorVert='center', antialias=True, autoLog=True, bold=False, color=array([1., 1., 1.]), colorSpace='rgb', contrast=1.0, depth=0.0, flipHoriz=False, flipVert=False, font='Open Sans', fontFiles=[], height=0.03, italic=False, languageStyle='LTR', name='debrief', opacity=1, ori=0.0, pos=array([0., 0.]), rgb=UNKNOWN, text=str(...), units='height', win=Window(...), wrapWidth=1)
9.3484 	EXP 	Created text = TextStim(__class__=<class 'psychopy.visual.text.TextStim'>, alignHoriz=method-wrapper(...), alignText='center', alignVert=method-wrapper(...), anchorHoriz='center', anchorVert='center', antialias=True, autoLog=True, bold=False, color=array([1., 1., 1.]), colorSpace='rgb', contrast=1.0, depth=0.0, flipHoriz=False, flipVert=False, font='Open Sans', fontFiles=[], height=0.03, italic=False, languageStyle='LTR', name='text', opacity=1, ori=0.0, pos=array([0., 0.]), rgb=UNKNOWN, text='Thank you for your time. \n\n', units='height', win=Window(...), wrapWidth=1)
9.3642 	EXP 	consent_form_text: autoDraw = True
10.4109 	EXP 	Created sequence: random, trialTypes=1, nReps=1, seed=None
10.4111 	EXP 	New trial (rep=0, index=0): None
10.4117 	EXP 	Created sequence: random, trialTypes=1, nReps=0, seed=None
10.4181 	DATA 	Keypress: y
10.4244 	EXP 	consent_form_text: autoDraw = False
10.4244 	EXP 	annotations_instructions_text: autoDraw = True
11.6248 	EXP 	Imported fixed_sample.xlsx as conditions, 5 conditions, 16 params
11.6263 	EXP 	Created sequence: random, trialTypes=5, nReps=1, seed=None
11.6267 	EXP 	New trial (rep=0, index=0): {'Unnamed': 388, 'FileName': 'Level42_SomethingAboutYou_1986', 'ARTIST': 'Level 42', 'TITLE': 'Something About You', 'ChartDate': '1986/03/22, 1986/07/05', 'PeakPosition': '7, 7', 'WeeksOnChart': '27, 27', 'TargetRank': '52, 34', 'ActualRank': '52, 34', 'SampleID': '158, 1237', 'YoutubeLink': 'https://www.youtube.com/watch?v=E-zP66eSLto', 'OriginalAudio': True, 'Year': 1986, 'SongGroup': 1, 'HumName': 'Level42_SomethingAboutYou_1986.hum', 'WavFileName': 'wavs/Level42_SomethingAboutYou_1986.wav'}
11.6330 	DATA 	Keypress: y
11.6421 	EXP 	annotations_instructions_text: autoDraw = False
11.6421 	EXP 	Arousal_Fixation_Message: autoDraw = True
16.1266 	EXP 	Sound track started
16.1258 	DATA 	Keypress: y
16.1316 	EXP 	Arousal_Fixation_Message: autoDraw = False
41.6814 	DATA 	Keypress: escape
42.8645 	EXP 	window1: mouseVisible = True
